INFO:root:Pressed True
INFO:root:Pressed True
INFO:root:Pressed True
INFO:root:Pressed True
INFO:root:Pressed True
INFO:root:Pressed True
INFO:root:Pressed True
INFO:root:Pressed True
INFO:root:Pressed True
INFO:root:Pressed True
INFO:root:Pressed True
INFO:root:Pressed True
INFO:root:Pressed True
INFO:root:Pressed True
INFO:root:Pressed True
INFO:root:Pressed True
INFO:root:Pressed True
INFO:root:Pressed True
INFO:root:Pressed True
INFO:root:Pressed True
INFO:root:Pressed True
INFO:root:Pressed True
INFO:root:Pressed True
INFO:root:Pressed True
INFO:root:Pressed True
INFO:root:Pressed True
INFO:root:Pressed True
INFO:root:Pressed True
INFO:root:Pressed True
INFO:root:Pressed True
INFO:root:Pressed True
INFO:root:Pressed True
INFO:root:Pressed True
INFO:root:Pressed True
INFO:root:Pressed True
INFO:root:Pressed True
INFO:root:Pressed True
INFO:root:Pressed True
INFO:root:Pressed True
INFO:root:Pressed True
INFO:root:Pressed True
INFO:root:Pressed True
INFO:root:Pressed True
INFO:root:Pressed True
INFO:root:Pressed True
INFO:root:Pressed True
INFO:root:Pressed True
INFO:root:Pressed True
INFO:root:Pressed True
INFO:root:Pressed True
INFO:root:Pressed True
INFO:root:Pressed True
INFO:root:Pressed True
INFO:root:Pressed True
INFO:root:Pressed True
INFO:root:Pressed True
INFO:root:Pressed True
INFO:root:Pressed True
INFO:root:Pressed True
INFO:root:Pressed True
INFO:root:Pressed True
INFO:root:Pressed True
INFO:root:Pressed True
INFO:root:Pressed True
INFO:root:Pressed True
INFO:root:Pressed True
INFO:root:Pressed True
INFO:root:Pressed True
INFO:root:Pressed True
INFO:root:Pressed True
INFO:root:Pressed True
INFO:root:Pressed True
INFO:root:Pressed True
INFO:root:Pressed True
INFO:root:Pressed True
INFO:root:Pressed True
INFO:root:Pressed True
INFO:root:Pressed True
INFO:root:Pressed True
INFO:root:Pressed True
INFO:root:Pressed True
INFO:root:Pressed True
INFO:root:Pressed True
INFO:root:Pressed True
INFO:root:Pressed True
INFO:root:Pressed True
INFO:root:Pressed True
INFO:root:Pressed True
INFO:root:Pressed True
INFO:root:Pressed True
INFO:root:Pressed True
INFO:root:Pressed True
INFO:root:Pressed True
INFO:root:Pressed True
INFO:root:Pressed True
INFO:root:Pressed True
INFO:root:Pressed True
INFO:root:Pressed True
INFO:root:Pressed True
INFO:root:Pressed True
INFO:root:(50, 108)
INFO:root:(50, 153)
INFO:root:(50, 203)
INFO:root:(50, 189)
INFO:root:(50, 213)
INFO:root:(50, 248)
INFO:root:(50, 136)
INFO:root:(50, 177)
INFO:root:(50, 264)
INFO:root:(50, 119)
INFO:root:(50, 181)
INFO:root:(50, 180)
INFO:root:(159, 270)
INFO:root:(50, 144)
INFO:root:(50, 134)
INFO:root:(50, 101)
INFO:root:(102, 112)
INFO:root:(210, 161)
INFO:root:(41, 39)
INFO:root:(41, 39)
INFO:root:(41, 39)
INFO:root:(50, 118)
INFO:root:(50, 140)
INFO:root:(50, 106)
INFO:root:(50, 126)
INFO:root:(145, 96)
INFO:root:(207, 137)
INFO:root:(289, 143)
INFO:root:(295, 172)
INFO:root:(489, 157)
INFO:root:(303, 167)
INFO:root:(303, 179)
INFO:root:(162, 114)
INFO:root:(290, 135)
INFO:root:(50, 141)
INFO:root:(81, 113)
INFO:root:(50, 120)
INFO:root:(50, 117)
INFO:root:(50, 116)
INFO:root:(50, 115)
INFO:root:(50, 114)
INFO:root:(50, 113)
INFO:root:(50, 112)
INFO:root:(50, 111)
INFO:root:(50, 110)
INFO:root:(50, 109)
INFO:root:(50, 108)
INFO:root:(50, 107)
INFO:root:(50, 106)
INFO:root:(50, 105)
INFO:root:(50, 104)
INFO:root:(50, 103)
INFO:root:(50, 102)
INFO:root:(50, 101)
INFO:root:(50, 100)
INFO:root:(50, 99)
INFO:root:(50, 98)
INFO:root:(50, 97)
INFO:root:(50, 96)
INFO:root:(50, 95)
INFO:root:(50, 94)
INFO:root:(50, 93)
INFO:root:(50, 92)
INFO:root:(50, 91)
INFO:root:(50, 90)
INFO:root:(50, 89)
INFO:root:(50, 88)
INFO:root:(50, 87)
INFO:root:(50, 86)
INFO:root:(50, 85)
INFO:root:(50, 84)
INFO:root:(50, 83)
INFO:root:(50, 82)
INFO:root:(50, 81)
INFO:root:(50, 80)
INFO:root:(50, 79)
INFO:root:(50, 78)
INFO:root:(50, 77)
INFO:root:(50, 76)
INFO:root:(50, 75)
INFO:root:(50, 74)
INFO:root:(50, 73)
INFO:root:(50, 72)
INFO:root:(50, 71)
INFO:root:(50, 70)
INFO:root:(50, 69)
INFO:root:(50, 68)
INFO:root:(50, 67)
INFO:root:(50, 66)
INFO:root:(50, 65)
INFO:root:(50, 64)
INFO:root:(50, 63)
INFO:root:(50, 62)
INFO:root:(50, 61)
INFO:root:(50, 60)
INFO:root:(50, 59)
INFO:root:(50, 58)
INFO:root:(50, 57)
INFO:root:(50, 56)
INFO:root:(50, 55)
INFO:root:(50, 54)
INFO:root:(50, 53)
INFO:root:(50, 52)
INFO:root:(50, 51)
INFO:root:(50, 50)
INFO:root:(50, 49)
INFO:root:(50, 48)
INFO:root:(50, 47)
INFO:root:(50, 46)
INFO:root:(50, 45)
INFO:root:(50, 44)
INFO:root:(50, 43)
INFO:root:(50, 42)
INFO:root:(50, 41)
INFO:root:(50, 40)
INFO:root:(50, 39)
INFO:root:(50, 38)
INFO:root:(50, 37)
INFO:root:(50, 36)
INFO:root:(51, 241)
INFO:root:(50, 139)
INFO:root:(50, 138)
INFO:root:(50, 137)
INFO:root:(50, 136)
INFO:root:(50, 135)
INFO:root:(50, 134)
INFO:root:(50, 133)
INFO:root:(50, 132)
INFO:root:(50, 131)
INFO:root:(50, 130)
INFO:root:(50, 129)
INFO:root:(50, 128)
INFO:root:(50, 127)
INFO:root:(50, 126)
INFO:root:(50, 125)
INFO:root:(50, 124)
INFO:root:(50, 123)
INFO:root:(50, 122)
INFO:root:(50, 121)
INFO:root:(50, 120)
INFO:root:(50, 119)
INFO:root:(50, 118)
INFO:root:(50, 117)
INFO:root:(50, 116)
INFO:root:(50, 115)
INFO:root:(50, 114)
INFO:root:(50, 113)
INFO:root:(50, 112)
INFO:root:(50, 111)
INFO:root:(50, 110)
INFO:root:(50, 109)
INFO:root:(50, 108)
INFO:root:(50, 107)
INFO:root:(50, 106)
INFO:root:(50, 105)
INFO:root:(50, 104)
INFO:root:(50, 103)
INFO:root:(50, 102)
INFO:root:(50, 101)
INFO:root:(50, 100)
INFO:root:(50, 99)
INFO:root:(50, 98)
INFO:root:(50, 97)
INFO:root:(50, 96)
INFO:root:(50, 95)
INFO:root:(50, 94)
INFO:root:(50, 93)
INFO:root:(50, 92)
INFO:root:(50, 91)
INFO:root:(50, 90)
INFO:root:(50, 89)
INFO:root:(50, 88)
INFO:root:(50, 87)
INFO:root:(50, 86)
INFO:root:(50, 85)
INFO:root:(50, 83)
INFO:root:(50, 82)
INFO:root:(50, 81)
INFO:root:(50, 80)
INFO:root:(50, 79)
INFO:root:(50, 78)
INFO:root:(50, 77)
INFO:root:(50, 76)
INFO:root:(50, 75)
INFO:root:(50, 74)
INFO:root:(50, 73)
INFO:root:(50, 72)
INFO:root:(50, 71)
INFO:root:(50, 70)
INFO:root:(50, 69)
INFO:root:(50, 68)
INFO:root:(50, 67)
INFO:root:(50, 66)
INFO:root:(50, 65)
INFO:root:(50, 64)
INFO:root:(50, 63)
INFO:root:(50, 62)
INFO:root:(50, 61)
INFO:root:(50, 60)
INFO:root:(50, 59)
INFO:root:(50, 58)
INFO:root:(50, 57)
INFO:root:(50, 56)
INFO:root:(50, 55)
INFO:root:(50, 54)
INFO:root:(50, 53)
INFO:root:(50, 52)
INFO:root:(50, 51)
INFO:root:(50, 50)
INFO:root:(50, 49)
INFO:root:(50, 48)
INFO:root:(50, 47)
INFO:root:(50, 46)
INFO:root:(50, 45)
INFO:root:(50, 44)
INFO:root:(50, 43)
INFO:root:(50, 42)
INFO:root:(50, 41)
INFO:root:(50, 40)
INFO:root:(50, 39)
INFO:root:(50, 133)
INFO:root:(51, 132)
INFO:root:(52, 131)
INFO:root:(53, 130)
INFO:root:(54, 129)
INFO:root:(55, 128)
INFO:root:(56, 127)
INFO:root:(57, 126)
INFO:root:(58, 125)
INFO:root:(59, 124)
INFO:root:(60, 123)
INFO:root:(61, 122)
INFO:root:(62, 121)
INFO:root:(63, 120)
INFO:root:(64, 119)
INFO:root:(65, 118)
INFO:root:(66, 117)
INFO:root:(67, 116)
INFO:root:(68, 115)
INFO:root:(69, 114)
INFO:root:(70, 113)
INFO:root:(71, 112)
INFO:root:(72, 111)
INFO:root:(73, 110)
INFO:root:(74, 109)
INFO:root:(75, 108)
INFO:root:(76, 107)
INFO:root:(77, 106)
INFO:root:(78, 105)
INFO:root:(79, 104)
INFO:root:(80, 103)
INFO:root:(81, 102)
INFO:root:(82, 101)
INFO:root:(83, 100)
INFO:root:(84, 99)
INFO:root:(85, 98)
INFO:root:(86, 97)
INFO:root:(87, 96)
INFO:root:(88, 95)
INFO:root:(89, 94)
INFO:root:(90, 93)
INFO:root:(91, 92)
INFO:root:(92, 91)
INFO:root:(93, 90)
INFO:root:(94, 89)
INFO:root:(95, 88)
INFO:root:(96, 87)
INFO:root:(97, 86)
INFO:root:(98, 85)
INFO:root:(99, 84)
INFO:root:(100, 83)
INFO:root:(101, 82)
INFO:root:(102, 81)
INFO:root:(103, 80)
INFO:root:(104, 79)
INFO:root:(105, 78)
INFO:root:(106, 77)
INFO:root:(107, 76)
INFO:root:(108, 75)
INFO:root:(109, 74)
INFO:root:(110, 73)
INFO:root:(111, 72)
INFO:root:(112, 71)
INFO:root:(113, 70)
INFO:root:(114, 69)
INFO:root:(115, 68)
INFO:root:(116, 67)
INFO:root:(117, 66)
INFO:root:(116, 149)
INFO:root:(80, 110)
INFO:root:(81, 109)
INFO:root:(82, 108)
INFO:root:(83, 107)
INFO:root:(84, 106)
INFO:root:(85, 105)
INFO:root:(86, 104)
INFO:root:(87, 103)
INFO:root:(88, 102)
INFO:root:(89, 101)
INFO:root:(90, 100)
INFO:root:(91, 99)
INFO:root:(92, 98)
INFO:root:(93, 97)
INFO:root:(94, 96)
INFO:root:(95, 95)
INFO:root:(96, 94)
INFO:root:(97, 93)
INFO:root:(98, 92)
INFO:root:(99, 91)
INFO:root:(100, 90)
INFO:root:(101, 89)
INFO:root:(102, 88)
INFO:root:(103, 87)
INFO:root:(104, 86)
INFO:root:(105, 85)
INFO:root:(106, 84)
INFO:root:(107, 83)
INFO:root:(108, 82)
INFO:root:(109, 81)
INFO:root:(110, 80)
INFO:root:(111, 79)
INFO:root:(112, 78)
INFO:root:(113, 77)
INFO:root:(114, 76)
INFO:root:(115, 75)
INFO:root:(116, 74)
INFO:root:(117, 73)
INFO:root:(118, 72)
INFO:root:(119, 71)
INFO:root:(120, 70)
INFO:root:(121, 69)
INFO:root:(122, 68)
INFO:root:(123, 67)
INFO:root:(133, 228)
INFO:root:(98, 190)
INFO:root:(99, 189)
INFO:root:(100, 188)
INFO:root:(101, 187)
INFO:root:(102, 186)
INFO:root:(103, 185)
INFO:root:(104, 184)
INFO:root:(105, 183)
INFO:root:(106, 182)
INFO:root:(107, 181)
INFO:root:(108, 180)
INFO:root:(109, 179)
INFO:root:(110, 178)
INFO:root:(111, 177)
INFO:root:(112, 176)
INFO:root:(113, 175)
INFO:root:(114, 174)
INFO:root:(115, 173)
INFO:root:(116, 172)
INFO:root:(117, 171)
INFO:root:(118, 170)
INFO:root:(119, 169)
INFO:root:(120, 168)
INFO:root:(121, 167)
INFO:root:(122, 166)
INFO:root:(123, 165)
INFO:root:(124, 164)
INFO:root:(125, 163)
INFO:root:(126, 162)
INFO:root:(127, 161)
INFO:root:(128, 160)
INFO:root:(129, 159)
INFO:root:(130, 158)
INFO:root:(131, 157)
INFO:root:(132, 156)
INFO:root:(133, 155)
INFO:root:(134, 154)
INFO:root:(135, 153)
INFO:root:(136, 152)
INFO:root:(137, 151)
INFO:root:(138, 150)
INFO:root:(139, 149)
INFO:root:(140, 148)
INFO:root:(141, 147)
INFO:root:(142, 146)
INFO:root:(143, 145)
INFO:root:(144, 144)
INFO:root:(145, 143)
INFO:root:(146, 142)
INFO:root:(147, 141)
INFO:root:(111, 110)
INFO:root:(111, 109)
INFO:root:(112, 109)
INFO:root:(112, 108)
INFO:root:(113, 108)
INFO:root:(113, 107)
INFO:root:(114, 107)
INFO:root:(114, 106)
INFO:root:(115, 106)
INFO:root:(115, 105)
INFO:root:(116, 105)
INFO:root:(116, 104)
INFO:root:(117, 104)
INFO:root:(117, 103)
INFO:root:(118, 103)
INFO:root:(118, 102)
INFO:root:(119, 102)
INFO:root:(119, 101)
INFO:root:(120, 101)
INFO:root:(120, 100)
INFO:root:(121, 100)
INFO:root:(121, 99)
INFO:root:(122, 99)
INFO:root:(122, 98)
INFO:root:(123, 98)
INFO:root:(123, 97)
INFO:root:(124, 97)
INFO:root:(124, 96)
INFO:root:(125, 96)
INFO:root:(125, 95)
INFO:root:(126, 95)
INFO:root:(126, 94)
INFO:root:(127, 94)
INFO:root:(127, 93)
INFO:root:(128, 93)
INFO:root:(128, 92)
INFO:root:(129, 92)
INFO:root:(129, 91)
INFO:root:(130, 91)
INFO:root:(130, 90)
INFO:root:(131, 90)
INFO:root:(131, 89)
INFO:root:(132, 89)
INFO:root:(132, 88)
INFO:root:(133, 88)
INFO:root:(133, 87)
INFO:root:(134, 87)
INFO:root:(134, 86)
INFO:root:(135, 86)
INFO:root:(135, 85)
INFO:root:(136, 85)
INFO:root:(136, 84)
INFO:root:(137, 84)
INFO:root:(137, 83)
INFO:root:(138, 83)
INFO:root:(138, 82)
INFO:root:(139, 82)
INFO:root:(139, 81)
INFO:root:(140, 81)
INFO:root:(140, 80)
INFO:root:(141, 80)
INFO:root:(141, 79)
INFO:root:(142, 79)
INFO:root:(142, 78)
INFO:root:(143, 78)
INFO:root:(143, 77)
INFO:root:(144, 77)
INFO:root:(144, 76)
INFO:root:(145, 76)
INFO:root:(145, 75)
INFO:root:(146, 75)
INFO:root:(146, 74)
INFO:root:(147, 74)
INFO:root:(147, 73)
INFO:root:(148, 73)
INFO:root:(148, 72)
INFO:root:(149, 72)
INFO:root:(121, 99)
INFO:root:(100, 77)
INFO:root:(101, 77)
INFO:root:(101, 76)
INFO:root:(102, 76)
INFO:root:(102, 75)
INFO:root:(103, 75)
INFO:root:(103, 74)
INFO:root:(104, 74)
INFO:root:(104, 73)
INFO:root:(105, 73)
INFO:root:(105, 72)
INFO:root:(106, 72)
INFO:root:(106, 71)
INFO:root:(107, 71)
INFO:root:(107, 70)
INFO:root:(108, 70)
INFO:root:(108, 69)
INFO:root:(109, 69)
INFO:root:(109, 68)
INFO:root:(110, 68)
INFO:root:(110, 67)
INFO:root:(111, 67)
INFO:root:(111, 66)
INFO:root:(112, 66)
INFO:root:(112, 65)
INFO:root:(113, 65)
INFO:root:(113, 64)
INFO:root:(114, 64)
INFO:root:(114, 63)
INFO:root:(115, 63)
INFO:root:(115, 62)
INFO:root:(116, 62)
INFO:root:(116, 61)
INFO:root:(143, 150)
INFO:root:(117, 122)
INFO:root:(118, 122)
INFO:root:(118, 121)
INFO:root:(119, 121)
INFO:root:(119, 120)
INFO:root:(120, 120)
INFO:root:(120, 119)
INFO:root:(121, 119)
INFO:root:(121, 118)
INFO:root:(122, 118)
INFO:root:(122, 117)
INFO:root:(123, 117)
INFO:root:(123, 116)
INFO:root:(124, 116)
INFO:root:(124, 115)
INFO:root:(125, 115)
INFO:root:(125, 114)
INFO:root:(126, 114)
INFO:root:(126, 113)
INFO:root:(127, 113)
INFO:root:(127, 112)
INFO:root:(128, 112)
INFO:root:(128, 111)
INFO:root:(129, 111)
INFO:root:(129, 110)
INFO:root:(130, 110)
INFO:root:(130, 109)
INFO:root:(131, 109)
INFO:root:(131, 108)
INFO:root:(132, 108)
INFO:root:(132, 107)
INFO:root:(133, 107)
INFO:root:(133, 106)
INFO:root:(134, 106)
INFO:root:(134, 105)
INFO:root:(135, 105)
INFO:root:(135, 104)
INFO:root:(136, 104)
INFO:root:(136, 103)
INFO:root:(137, 103)
INFO:root:(137, 102)
INFO:root:(138, 102)
INFO:root:(138, 101)
INFO:root:(139, 101)
INFO:root:(139, 100)
INFO:root:(140, 100)
INFO:root:(140, 99)
INFO:root:(141, 99)
INFO:root:(141, 98)
INFO:root:(142, 98)
INFO:root:(142, 97)
INFO:root:(143, 97)
INFO:root:(143, 96)
INFO:root:(144, 96)
INFO:root:(144, 95)
INFO:root:(145, 95)
INFO:root:(145, 94)
INFO:root:(146, 94)
INFO:root:(146, 93)
INFO:root:(147, 93)
INFO:root:(147, 92)
INFO:root:(148, 92)
INFO:root:(148, 91)
INFO:root:(149, 91)
INFO:root:(149, 90)
INFO:root:(150, 90)
INFO:root:(150, 89)
INFO:root:(151, 89)
INFO:root:(151, 88)
INFO:root:(152, 88)
INFO:root:(152, 87)
INFO:root:(153, 87)
INFO:root:(153, 86)
INFO:root:(154, 86)
INFO:root:(154, 85)
INFO:root:(155, 85)
INFO:root:(155, 84)
INFO:root:(156, 84)
INFO:root:(156, 83)
INFO:root:(157, 83)
INFO:root:(157, 82)
INFO:root:(158, 82)
INFO:root:(158, 81)
INFO:root:(159, 81)
INFO:root:(159, 80)
INFO:root:(160, 80)
INFO:root:(160, 79)
INFO:root:(161, 79)
INFO:root:(161, 78)
INFO:root:(162, 78)
INFO:root:(162, 77)
